<?xml version="1.0" encoding="UTF-8"?>
<!-- Generated by org.testng.reporters.JUnitReportReporter -->
<testsuite hostname="Anjali-Paswan" failures="0" tests="2" name="qa.Mavenjava.SeleniumTest" time="0.002" errors="0" timestamp="2022-07-25T15:31:40 IST" skipped="0">
  <testcase classname="qa.Mavenjava.SeleniumTest" name="browserAutomation" time="0.001"/>
  <system-out/>
  <testcase classname="qa.Mavenjava.SeleniumTest" name="elementsUi" time="0.001"/>
  <system-out/>
</testsuite> <!-- qa.Mavenjava.SeleniumTest -->
