<?xml version="1.0" encoding="UTF-8"?>
<!-- Generated by org.testng.reporters.JUnitReportReporter -->
<testsuite hostname="Anjali-Paswan" failures="0" tests="2" name="qa.Mavenjava.RestAPITest" time="0.000" errors="0" timestamp="2022-07-25T15:32:49 IST" skipped="0">
  <testcase classname="qa.Mavenjava.RestAPITest" name="postJira" time="0.000"/>
  <system-out/>
  <testcase classname="qa.Mavenjava.RestAPITest" name="deleteTwitter" time="0.000"/>
  <system-out/>
</testsuite> <!-- qa.Mavenjava.RestAPITest -->
