<?xml version="1.0" encoding="UTF-8"?>
<!-- Generated by org.testng.reporters.JUnitReportReporter -->
<testsuite hostname="Anjali-Paswan" failures="0" tests="2" name="qa.Mavenjava.AppiumTest" time="0.004" errors="0" timestamp="2022-07-25T15:32:49 IST" skipped="0">
  <testcase classname="qa.Mavenjava.AppiumTest" name="IOSApp" time="0.004"/>
  <system-out/>
  <testcase classname="qa.Mavenjava.AppiumTest" name="nativeAppAndroid" time="0.000"/>
  <system-out/>
</testsuite> <!-- qa.Mavenjava.AppiumTest -->
